[2025-10-28 22:09:40] [INFO] Environment: Standard
[2025-10-28 22:09:40] [INFO] Base URL: http://localhost/garansi
[2025-10-28 22:09:40] [INFO] PHP Version: 7.4.12
[2025-10-28 22:09:55] [WARNING] Failed login attempt for username: admin from IP: ::1
[2025-10-28 22:10:03] [WARNING] Failed login attempt for username: admin from IP: ::1
[2025-10-28 22:12:14] [WARNING] Failed login attempt for username: admin from IP: ::1
[2025-10-28 22:14:19] [WARNING] Failed login attempt for username: admin from IP: ::1
[2025-10-28 22:14:23] [WARNING] Failed login attempt for username: admin from IP: ::1
[2025-10-28 22:28:26] [INFO] New admin created: admin (ID: 2) from IP: ::1
[2025-10-28 22:37:50] [INFO] Environment: Standard
[2025-10-28 22:37:50] [INFO] Base URL: http://localhost/garansi
[2025-10-28 22:37:50] [INFO] PHP Version: 7.4.12
[2025-10-28 22:39:38] [INFO] Environment: Standard
[2025-10-28 22:39:38] [INFO] Base URL: http://localhost/garansi
[2025-10-28 22:39:38] [INFO] PHP Version: 7.4.12
[2025-10-29 07:37:42] [INFO] Environment: Standard
[2025-10-29 07:37:42] [INFO] Base URL: http://localhost/garansi
[2025-10-29 07:37:42] [INFO] PHP Version: 7.4.12
[2025-10-29 07:39:06] [INFO] Environment: Standard
[2025-10-29 07:39:06] [INFO] Base URL: http://localhost/garansi
[2025-10-29 07:39:06] [INFO] PHP Version: 7.4.12
[2025-10-29 07:40:06] [INFO] Environment: Standard
[2025-10-29 07:40:06] [INFO] Base URL: http://192.168.100.192/garansi
[2025-10-29 07:40:06] [INFO] PHP Version: 7.4.12
[2025-10-29 08:44:50] [INFO] Environment: Standard
[2025-10-29 08:44:50] [INFO] Base URL: http://localhost/garansi
[2025-10-29 08:44:50] [INFO] PHP Version: 7.4.12
[2025-10-29 09:03:18] [INFO] Environment: Standard
[2025-10-29 09:03:18] [INFO] Base URL: http://192.168.100.192/garansi
[2025-10-29 09:03:18] [INFO] PHP Version: 7.4.12
[2025-10-30 01:45:03] [INFO] Environment: Standard
[2025-10-30 01:45:03] [INFO] Base URL: http://192.168.100.192/garansi
[2025-10-30 01:45:03] [INFO] PHP Version: 7.4.12
[2025-10-31 03:19:46] [INFO] Environment: Standard
[2025-10-31 03:19:46] [INFO] Base URL: http://192.168.100.192/yrteam
[2025-10-31 03:19:46] [INFO] PHP Version: 7.4.12
[2025-10-31 03:22:13] [INFO] Environment: Standard
[2025-10-31 03:22:13] [INFO] Base URL: http://192.168.100.192/yrteam
[2025-10-31 03:22:13] [INFO] PHP Version: 7.4.12
[2025-10-31 03:23:10] [INFO] Environment: Standard
[2025-10-31 03:23:10] [INFO] Base URL: http://localhost/yrteam
[2025-10-31 03:23:10] [INFO] PHP Version: 7.4.12
[2025-10-31 04:10:46] [INFO] Environment: Standard
[2025-10-31 04:10:46] [INFO] Base URL: http://localhost/yrteam
[2025-10-31 04:10:46] [INFO] PHP Version: 7.4.12
[2025-10-31 04:27:34] [INFO] Environment: Standard
[2025-10-31 04:27:34] [INFO] Base URL: http://localhostc:/xampp/htdocs/yrteam
[2025-10-31 04:27:34] [INFO] PHP Version: 7.4.12
[2025-10-31 04:28:03] [INFO] Environment: Standard
[2025-10-31 04:28:03] [INFO] Base URL: http://localhostc:/xampp/htdocs/yrteam
[2025-10-31 04:28:03] [INFO] PHP Version: 7.4.12
[2025-10-31 04:28:21] [INFO] Environment: Standard
[2025-10-31 04:28:21] [INFO] Base URL: http://localhostc:/xampp/htdocs/yrteam
[2025-10-31 04:28:21] [INFO] PHP Version: 7.4.12
[2025-10-31 04:28:28] [INFO] Environment: Standard
[2025-10-31 04:28:28] [INFO] Base URL: http://localhostc:/xampp/htdocs/yrteam
[2025-10-31 04:28:28] [INFO] PHP Version: 7.4.12
[2025-10-31 04:29:03] [INFO] Environment: Standard
[2025-10-31 04:29:03] [INFO] Base URL: http://localhostc:/xampp/htdocs/yrteam
[2025-10-31 04:29:03] [INFO] PHP Version: 7.4.12
[2025-10-31 04:29:24] [INFO] Environment: Standard
[2025-10-31 04:29:24] [INFO] Base URL: http://localhostc:/xampp/htdocs/yrteam
[2025-10-31 04:29:24] [INFO] PHP Version: 7.4.12
[2025-10-31 04:29:27] [WARNING] Failed login attempt for username: admin from IP: ::1
[2025-10-31 04:29:44] [INFO] Environment: Standard
[2025-10-31 04:29:44] [INFO] Base URL: http://localhostc:/xampp/htdocs/yrteam
[2025-10-31 04:29:44] [INFO] PHP Version: 7.4.12
[2025-10-31 04:30:17] [INFO] Environment: Standard
[2025-10-31 04:30:17] [INFO] Base URL: http://localhostc:/xampp/htdocs/yrteam
[2025-10-31 04:30:17] [INFO] PHP Version: 7.4.12
[2025-10-31 04:30:35] [INFO] Environment: Standard
[2025-10-31 04:30:35] [INFO] Base URL: http://localhostc:/xampp/htdocs/yrteam
[2025-10-31 04:30:35] [INFO] PHP Version: 7.4.12
[2025-10-31 04:30:57] [INFO] Environment: Standard
[2025-10-31 04:30:57] [INFO] Base URL: http://localhostc:/xampp/htdocs/yrteam
[2025-10-31 04:30:57] [INFO] PHP Version: 7.4.12
[2025-10-31 04:31:11] [INFO] Environment: Standard
[2025-10-31 04:31:11] [INFO] Base URL: http://localhostc:/xampp/htdocs/yrteam
[2025-10-31 04:31:11] [INFO] PHP Version: 7.4.12
[2025-10-31 04:31:25] [INFO] Environment: Standard
[2025-10-31 04:31:25] [INFO] Base URL: http://localhostc:/xampp/htdocs/yrteam
[2025-10-31 04:31:25] [INFO] PHP Version: 7.4.12
[2025-10-31 04:34:19] [INFO] Environment: Standard
[2025-10-31 04:34:19] [INFO] Base URL: http://192.168.100.192/yrteam
[2025-10-31 04:34:19] [INFO] PHP Version: 7.4.12
[2025-10-31 04:34:29] [WARNING] Failed login attempt for username: admin from IP: 192.168.100.248
[2025-10-31 04:35:26] [INFO] Environment: Standard
[2025-10-31 04:35:26] [INFO] Base URL: http://localhost.
[2025-10-31 04:35:26] [INFO] PHP Version: 7.4.12
[2025-10-31 04:35:48] [INFO] Environment: Standard
[2025-10-31 04:35:48] [INFO] Base URL: http://localhost.
[2025-10-31 04:35:48] [INFO] PHP Version: 7.4.12
[2025-10-31 04:35:57] [INFO] Environment: Standard
[2025-10-31 04:35:57] [INFO] Base URL: http://localhost.
[2025-10-31 04:35:57] [INFO] PHP Version: 7.4.12
[2025-10-31 04:36:15] [INFO] Environment: Standard
[2025-10-31 04:36:15] [INFO] Base URL: http://localhost.
[2025-10-31 04:36:15] [INFO] PHP Version: 7.4.12
[2025-10-31 04:36:33] [INFO] Environment: Standard
[2025-10-31 04:36:33] [INFO] Base URL: http://localhost.
[2025-10-31 04:36:33] [INFO] PHP Version: 7.4.12
[2025-10-31 04:36:39] [INFO] Environment: Standard
[2025-10-31 04:36:39] [INFO] Base URL: http://localhost.
[2025-10-31 04:36:39] [INFO] PHP Version: 7.4.12
[2025-10-31 04:36:52] [INFO] Environment: Standard
[2025-10-31 04:36:52] [INFO] Base URL: http://localhost.
[2025-10-31 04:36:52] [INFO] PHP Version: 7.4.12
[2025-10-31 04:37:30] [INFO] Environment: Standard
[2025-10-31 04:37:30] [INFO] Base URL: http://localhost.
[2025-10-31 04:37:30] [INFO] PHP Version: 7.4.12
[2025-10-31 04:38:03] [INFO] Environment: Standard
[2025-10-31 04:38:03] [INFO] Base URL: http://localhost.
[2025-10-31 04:38:03] [INFO] PHP Version: 7.4.12
[2025-10-31 04:40:10] [INFO] Environment: Standard
[2025-10-31 04:40:11] [INFO] Base URL: http://localhost.
[2025-10-31 04:40:11] [INFO] PHP Version: 7.4.12
[2025-10-31 04:40:17] [INFO] Environment: Standard
[2025-10-31 04:40:17] [INFO] Base URL: http://localhost.
[2025-10-31 04:40:17] [INFO] PHP Version: 7.4.12
[2025-10-31 04:42:29] [INFO] Environment: Standard
[2025-10-31 04:42:29] [INFO] Base URL: http://192.168.100.192/yrteam
[2025-10-31 04:42:29] [INFO] PHP Version: 7.4.12
[2025-10-31 04:42:56] [INFO] Environment: Standard
[2025-10-31 04:42:56] [INFO] Base URL: http://192.168.100.192/yrteam
[2025-10-31 04:42:56] [INFO] PHP Version: 7.4.12
[2025-10-31 04:48:13] [INFO] Environment: Standard
[2025-10-31 04:48:13] [INFO] Base URL: http://localhost.
[2025-10-31 04:48:13] [INFO] PHP Version: 7.4.12
[2025-10-31 04:48:26] [INFO] Environment: Standard
[2025-10-31 04:48:26] [INFO] Base URL: http://localhost.
[2025-10-31 04:48:26] [INFO] PHP Version: 7.4.12
[2025-10-31 04:48:37] [INFO] Environment: Standard
[2025-10-31 04:48:37] [INFO] Base URL: http://localhost.
[2025-10-31 04:48:37] [INFO] PHP Version: 7.4.12
[2025-10-31 04:48:45] [INFO] Environment: Standard
[2025-10-31 04:48:45] [INFO] Base URL: http://localhost.
[2025-10-31 04:48:45] [INFO] PHP Version: 7.4.12
[2025-10-31 04:49:19] [INFO] Environment: Standard
[2025-10-31 04:49:19] [INFO] Base URL: http://localhost.
[2025-10-31 04:49:19] [INFO] PHP Version: 7.4.12
[2025-10-31 04:49:31] [INFO] Environment: Standard
[2025-10-31 04:49:31] [INFO] Base URL: http://localhost.
[2025-10-31 04:49:31] [INFO] PHP Version: 7.4.12
[2025-10-31 04:49:40] [INFO] Environment: Standard
[2025-10-31 04:49:40] [INFO] Base URL: http://localhost.
[2025-10-31 04:49:40] [INFO] PHP Version: 7.4.12
[2025-10-31 04:49:50] [INFO] Environment: Standard
[2025-10-31 04:49:50] [INFO] Base URL: http://localhost.
[2025-10-31 04:49:50] [INFO] PHP Version: 7.4.12
[2025-10-31 04:50:09] [INFO] Environment: Standard
[2025-10-31 04:50:09] [INFO] Base URL: http://localhost.
[2025-10-31 04:50:09] [INFO] PHP Version: 7.4.12
[2025-10-31 04:50:36] [INFO] Environment: Standard
[2025-10-31 04:50:36] [INFO] Base URL: http://localhost.
[2025-10-31 04:50:36] [INFO] PHP Version: 7.4.12
[2025-10-31 04:50:37] [WARNING] Failed login attempt for username: admin from IP: 192.168.100.248
[2025-10-31 04:56:52] [INFO] Environment: Standard
[2025-10-31 04:56:53] [INFO] Base URL: http://192.168.100.192/yrteam
[2025-10-31 04:56:53] [INFO] PHP Version: 7.4.12
